[debug] [2024-05-22T08:06:50.405Z] ----------------------------------------------------------------------
[debug] [2024-05-22T08:06:50.408Z] Command:       C:\Program Files\nodejs\node.exe C:\Users\alvaro\AppData\Roaming\npm\node_modules\firebase-tools\lib\bin\firebase.js emulators:start --only functions
[debug] [2024-05-22T08:06:50.408Z] CLI Version:   13.9.0
[debug] [2024-05-22T08:06:50.408Z] Platform:      win32
[debug] [2024-05-22T08:06:50.408Z] Node Version:  v20.13.1
[debug] [2024-05-22T08:06:50.408Z] Time:          Wed May 22 2024 04:06:50 GMT-0400 (hora estándar de Chile)
[debug] [2024-05-22T08:06:50.409Z] ----------------------------------------------------------------------
[debug] 
[debug] [2024-05-22T08:06:50.530Z] > command requires scopes: ["email","openid","https://www.googleapis.com/auth/cloudplatformprojects.readonly","https://www.googleapis.com/auth/firebase","https://www.googleapis.com/auth/cloud-platform"]
[debug] [2024-05-22T08:06:50.530Z] > authorizing via signed-in user (ac9092925@gmail.com)
[info] i  emulators: Starting emulators: functions {"metadata":{"emulator":{"name":"hub"},"message":"Starting emulators: functions"}}
[debug] [2024-05-22T08:06:50.540Z] [logging] Logging Emulator only supports listening on one address (127.0.0.1). Not listening on ::1
[debug] [2024-05-22T08:06:50.541Z] assigned listening specs for emulators {"user":{"hub":[{"address":"127.0.0.1","family":"IPv4","port":4400},{"address":"::1","family":"IPv6","port":4400}],"ui":[{"address":"127.0.0.1","family":"IPv4","port":4000},{"address":"::1","family":"IPv6","port":4000}],"logging":[{"address":"127.0.0.1","family":"IPv4","port":4500}]},"metadata":{"message":"assigned listening specs for emulators"}}
[debug] [2024-05-22T08:06:50.545Z] [hub] writing locator at C:\Users\alvaro\AppData\Local\Temp\hub-healthy-way-f7636.json
[debug] [2024-05-22T08:06:50.563Z] [functions] Functions Emulator only supports listening on one address (127.0.0.1). Not listening on ::1
[debug] [2024-05-22T08:06:50.563Z] [eventarc] Eventarc Emulator only supports listening on one address (127.0.0.1). Not listening on ::1
[debug] [2024-05-22T08:06:50.563Z] late-assigned ports for functions and eventarc emulators {"user":{"hub":[{"address":"127.0.0.1","family":"IPv4","port":4400},{"address":"::1","family":"IPv6","port":4400}],"ui":[{"address":"127.0.0.1","family":"IPv4","port":4000},{"address":"::1","family":"IPv6","port":4000}],"logging":[{"address":"127.0.0.1","family":"IPv4","port":4500}],"functions":[{"address":"127.0.0.1","family":"IPv4","port":5001}],"eventarc":[{"address":"127.0.0.1","family":"IPv4","port":9299}]},"metadata":{"message":"late-assigned ports for functions and eventarc emulators"}}
[warn] !  functions: The following emulators are not running, calls to these services from the Functions emulator will affect production: auth, firestore, database, hosting, pubsub, storage, dataconnect {"metadata":{"emulator":{"name":"functions"},"message":"The following emulators are not running, calls to these services from the Functions emulator will affect production: \u001b[1mauth, firestore, database, hosting, pubsub, storage, dataconnect\u001b[22m"}}
[debug] [2024-05-22T08:06:50.567Z] defaultcredentials: writing to file C:\Users\alvaro\AppData\Roaming\firebase\ac9092925_gmail_com_application_default_credentials.json
[debug] [2024-05-22T08:06:50.570Z] Setting GAC to C:\Users\alvaro\AppData\Roaming\firebase\ac9092925_gmail_com_application_default_credentials.json {"metadata":{"emulator":{"name":"functions"},"message":"Setting GAC to C:\\Users\\alvaro\\AppData\\Roaming\\firebase\\ac9092925_gmail_com_application_default_credentials.json"}}
[debug] [2024-05-22T08:06:50.572Z] > refreshing access token with scopes: []
[debug] [2024-05-22T08:06:50.573Z] >>> [apiv2][query] POST https://www.googleapis.com/oauth2/v3/token [none]
[debug] [2024-05-22T08:06:50.573Z] >>> [apiv2][body] POST https://www.googleapis.com/oauth2/v3/token [omitted]
[debug] [2024-05-22T08:06:50.727Z] <<< [apiv2][status] POST https://www.googleapis.com/oauth2/v3/token 200
[debug] [2024-05-22T08:06:50.728Z] <<< [apiv2][body] POST https://www.googleapis.com/oauth2/v3/token [omitted]
[debug] [2024-05-22T08:06:50.744Z] >>> [apiv2][query] GET https://firebase.googleapis.com/v1beta1/projects/healthy-way-f7636/adminSdkConfig [none]
[debug] [2024-05-22T08:06:51.113Z] <<< [apiv2][status] GET https://firebase.googleapis.com/v1beta1/projects/healthy-way-f7636/adminSdkConfig 200
[debug] [2024-05-22T08:06:51.114Z] <<< [apiv2][body] GET https://firebase.googleapis.com/v1beta1/projects/healthy-way-f7636/adminSdkConfig {"projectId":"healthy-way-f7636","storageBucket":"healthy-way-f7636.appspot.com"}
[debug] [2024-05-22T08:06:51.146Z] Ignoring unsupported arg: auto_download {"metadata":{"emulator":{"name":"ui"},"message":"Ignoring unsupported arg: auto_download"}}
[debug] [2024-05-22T08:06:51.147Z] Ignoring unsupported arg: port {"metadata":{"emulator":{"name":"ui"},"message":"Ignoring unsupported arg: port"}}
[debug] [2024-05-22T08:06:51.147Z] Starting Emulator UI with command {"binary":"node","args":["C:\\Users\\alvaro\\.cache\\firebase\\emulators\\ui-v1.11.8\\server\\server.mjs"],"optionalArgs":[],"joinArgs":false,"shell":false} {"metadata":{"emulator":{"name":"ui"},"message":"Starting Emulator UI with command {\"binary\":\"node\",\"args\":[\"C:\\\\Users\\\\alvaro\\\\.cache\\\\firebase\\\\emulators\\\\ui-v1.11.8\\\\server\\\\server.mjs\"],\"optionalArgs\":[],\"joinArgs\":false,\"shell\":false}"}}
[info] i  ui: Emulator UI logging to ui-debug.log {"metadata":{"emulator":{"name":"ui"},"message":"Emulator UI logging to \u001b[1mui-debug.log\u001b[22m"}}
[debug] [2024-05-22T08:06:51.281Z] Web / API server started at 127.0.0.1:4000
 {"metadata":{"emulator":{"name":"ui"},"message":"Web / API server started at 127.0.0.1:4000\n"}}
[debug] [2024-05-22T08:06:51.282Z] Web / API server started at ::1:4000
 {"metadata":{"emulator":{"name":"ui"},"message":"Web / API server started at ::1:4000\n"}}
[info] i  functions: Watching "C:\Users\alvaro\functions" for Cloud Functions... {"metadata":{"emulator":{"name":"functions"},"message":"Watching \"C:\\Users\\alvaro\\functions\" for Cloud Functions..."}}
[debug] [2024-05-22T08:06:51.384Z] Validating nodejs source
[debug] [2024-05-22T08:06:52.850Z] > [functions] package.json contents: {
  "name": "functions",
  "description": "Cloud Functions for Firebase",
  "scripts": {
    "serve": "firebase emulators:start --only functions",
    "shell": "firebase functions:shell",
    "start": "npm run shell",
    "deploy": "firebase deploy --only functions",
    "logs": "firebase functions:log"
  },
  "engines": {
    "node": "18"
  },
  "main": "index.js",
  "dependencies": {
    "firebase-admin": "^12.1.0",
    "firebase-functions": "^5.0.0"
  },
  "devDependencies": {
    "firebase-functions-test": "^3.1.0"
  },
  "private": true
}
[debug] [2024-05-22T08:06:52.850Z] Building nodejs source
[debug] [2024-05-22T08:06:52.850Z] Failed to find version of module node: reached end of search path C:\Users\alvaro\functions\node_modules
[warn] !  functions: Your requested "node" version "18" doesn't match your global version "20". Using node@20 from host. 
[debug] [2024-05-22T08:06:52.853Z] Could not find functions.yaml. Must use http discovery
[debug] [2024-05-22T08:06:52.860Z] Found firebase-functions binary at 'C:\Users\alvaro\functions\node_modules\.bin\firebase-functions'
[info] Serving at port 8446

[debug] [2024-05-22T08:06:53.257Z] Got response from /__/functions.yaml {"endpoints":{},"specVersion":"v1alpha1","requiredAPIs":[]}
[info] +  functions: Loaded functions definitions from source: . {"metadata":{"emulator":{"name":"functions"},"message":"Loaded functions definitions from source: ."}}
[info] i  functions: Watching "C:\Users\alvaro\healthy-way-backend" for Cloud Functions... {"metadata":{"emulator":{"name":"functions"},"message":"Watching \"C:\\Users\\alvaro\\healthy-way-backend\" for Cloud Functions..."}}
[debug] [2024-05-22T08:06:58.285Z] Validating nodejs source
[debug] [2024-05-22T08:06:59.081Z] > [functions] package.json contents: {
  "name": "functions",
  "description": "Cloud Functions for Firebase",
  "scripts": {
    "serve": "firebase emulators:start --only functions",
    "shell": "firebase functions:shell",
    "start": "npm run shell",
    "deploy": "firebase deploy --only functions",
    "logs": "firebase functions:log"
  },
  "engines": {
    "node": "18"
  },
  "main": "index.js",
  "dependencies": {
    "firebase-admin": "^12.1.0",
    "firebase-functions": "^5.0.0"
  },
  "devDependencies": {
    "firebase-functions-test": "^3.1.0"
  },
  "private": true
}
[debug] [2024-05-22T08:06:59.081Z] Building nodejs source
[debug] [2024-05-22T08:06:59.081Z] Failed to find version of module node: reached end of search path C:\Users\alvaro\healthy-way-backend\node_modules
[warn] !  functions: Your requested "node" version "18" doesn't match your global version "20". Using node@20 from host. 
[debug] [2024-05-22T08:06:59.083Z] Could not find functions.yaml. Must use http discovery
[debug] [2024-05-22T08:06:59.088Z] Found firebase-functions binary at 'C:\Users\alvaro\healthy-way-backend\node_modules\.bin\firebase-functions'
[info] Serving at port 8217

[debug] [2024-05-22T08:06:59.477Z] Got response from /__/functions.yaml {"endpoints":{},"specVersion":"v1alpha1","requiredAPIs":[]}
[info] +  functions: Loaded functions definitions from source: . {"metadata":{"emulator":{"name":"functions"},"message":"Loaded functions definitions from source: ."}}
[info] i  functions: Watching "C:\Users\alvaro\a" for Cloud Functions... {"metadata":{"emulator":{"name":"functions"},"message":"Watching \"C:\\Users\\alvaro\\a\" for Cloud Functions..."}}
[debug] [2024-05-22T08:07:04.517Z] Validating nodejs source
[debug] [2024-05-22T08:07:05.479Z] > [functions] package.json contents: {
  "name": "functions",
  "description": "Cloud Functions for Firebase",
  "scripts": {
    "serve": "firebase emulators:start --only functions",
    "shell": "firebase functions:shell",
    "start": "npm run shell",
    "deploy": "firebase deploy --only functions",
    "logs": "firebase functions:log"
  },
  "engines": {
    "node": "18"
  },
  "main": "index.js",
  "dependencies": {
    "firebase-admin": "^12.1.0",
    "firebase-functions": "^5.0.0"
  },
  "devDependencies": {
    "firebase-functions-test": "^3.1.0"
  },
  "private": true
}
[debug] [2024-05-22T08:07:05.480Z] Building nodejs source
[debug] [2024-05-22T08:07:05.480Z] Failed to find version of module node: reached end of search path C:\Users\alvaro\a\node_modules
[warn] !  functions: Your requested "node" version "18" doesn't match your global version "20". Using node@20 from host. 
[debug] [2024-05-22T08:07:05.481Z] Could not find functions.yaml. Must use http discovery
[debug] [2024-05-22T08:07:05.487Z] Found firebase-functions binary at 'C:\Users\alvaro\a\node_modules\.bin\firebase-functions'
[info] Serving at port 8808

[debug] [2024-05-22T08:07:05.966Z] Got response from /__/functions.yaml {"endpoints":{},"specVersion":"v1alpha1","requiredAPIs":[]}
[info] +  functions: Loaded functions definitions from source: . {"metadata":{"emulator":{"name":"functions"},"message":"Loaded functions definitions from source: ."}}
[info] i  functions: Watching "C:\Users\alvaro\yes" for Cloud Functions... {"metadata":{"emulator":{"name":"functions"},"message":"Watching \"C:\\Users\\alvaro\\yes\" for Cloud Functions..."}}
[debug] [2024-05-22T08:07:10.997Z] Validating nodejs source
[debug] [2024-05-22T08:07:11.777Z] > [functions] package.json contents: {
  "name": "functions",
  "description": "Cloud Functions for Firebase",
  "scripts": {
    "serve": "firebase emulators:start --only functions",
    "shell": "firebase functions:shell",
    "start": "npm run shell",
    "deploy": "firebase deploy --only functions",
    "logs": "firebase functions:log"
  },
  "engines": {
    "node": "18"
  },
  "main": "index.js",
  "dependencies": {
    "firebase-admin": "^12.1.0",
    "firebase-functions": "^5.0.0"
  },
  "devDependencies": {
    "firebase-functions-test": "^3.1.0"
  },
  "private": true
}
[debug] [2024-05-22T08:07:11.777Z] Building nodejs source
[debug] [2024-05-22T08:07:11.778Z] Failed to find version of module node: reached end of search path C:\Users\alvaro\yes\node_modules
[warn] !  functions: Your requested "node" version "18" doesn't match your global version "20". Using node@20 from host. 
[debug] [2024-05-22T08:07:11.779Z] Could not find functions.yaml. Must use http discovery
[debug] [2024-05-22T08:07:11.784Z] Found firebase-functions binary at 'C:\Users\alvaro\yes\node_modules\.bin\firebase-functions'
[info] Serving at port 8171

[debug] [2024-05-22T08:07:12.159Z] Got response from /__/functions.yaml {"endpoints":{},"specVersion":"v1alpha1","requiredAPIs":[]}
[info] +  functions: Loaded functions definitions from source: . {"metadata":{"emulator":{"name":"functions"},"message":"Loaded functions definitions from source: ."}}
[info] i  functions: Watching "C:\Users\alvaro\ukdbhqwedhwdch" for Cloud Functions... {"metadata":{"emulator":{"name":"functions"},"message":"Watching \"C:\\Users\\alvaro\\ukdbhqwedhwdch\" for Cloud Functions..."}}
[debug] [2024-05-22T08:07:17.181Z] Validating nodejs source
[debug] [2024-05-22T08:07:17.967Z] > [functions] package.json contents: {
  "name": "functions",
  "description": "Cloud Functions for Firebase",
  "scripts": {
    "serve": "firebase emulators:start --only functions",
    "shell": "firebase functions:shell",
    "start": "npm run shell",
    "deploy": "firebase deploy --only functions",
    "logs": "firebase functions:log"
  },
  "engines": {
    "node": "20"
  },
  "main": "index.js",
  "dependencies": {
    "express": "^4.19.2",
    "firebase": "^10.12.1",
    "firebase-admin": "^12.1.1",
    "firebase-functions": "^5.0.1"
  },
  "devDependencies": {
    "firebase-functions-test": "^3.1.0"
  },
  "private": true
}
[debug] [2024-05-22T08:07:17.967Z] Building nodejs source
[debug] [2024-05-22T08:07:17.967Z] Failed to find version of module node: reached end of search path C:\Users\alvaro\ukdbhqwedhwdch\node_modules
[info] +  functions: Using node@20 from host. 
[debug] [2024-05-22T08:07:17.968Z] Could not find functions.yaml. Must use http discovery
[debug] [2024-05-22T08:07:17.973Z] Found firebase-functions binary at 'C:\Users\alvaro\ukdbhqwedhwdch\node_modules\.bin\firebase-functions'
[info] Serving at port 8440

[debug] [2024-05-22T08:07:18.655Z] Got response from /__/functions.yaml {"endpoints":{"api":{"availableMemoryMb":null,"timeoutSeconds":null,"minInstances":null,"maxInstances":null,"ingressSettings":null,"concurrency":null,"serviceAccountEmail":null,"vpc":null,"platform":"gcfv2","labels":{},"httpsTrigger":{},"entryPoint":"api"}},"specVersion":"v1alpha1","requiredAPIs":[]}
[info] +  functions: Loaded functions definitions from source: api. {"metadata":{"emulator":{"name":"functions"},"message":"Loaded functions definitions from source: api."}}
[info] +  functions[us-central1-api]: http function initialized (http://127.0.0.1:5001/healthy-way-f7636/us-central1/api). {"metadata":{"emulator":{"name":"functions"},"message":"\u001b[1mhttp\u001b[22m function initialized (http://127.0.0.1:5001/healthy-way-f7636/us-central1/api)."}}
[info] 
┌─────────────────────────────────────────────────────────────┐
│ ✔  All emulators ready! It is now safe to connect your app. │
│ i  View Emulator UI at http://127.0.0.1:4000/               │
└─────────────────────────────────────────────────────────────┘

┌───────────┬────────────────┬─────────────────────────────────┐
│ Emulator  │ Host:Port      │ View in Emulator UI             │
├───────────┼────────────────┼─────────────────────────────────┤
│ Functions │ 127.0.0.1:5001 │ http://127.0.0.1:4000/functions │
└───────────┴────────────────┴─────────────────────────────────┘
  Emulator Hub running at 127.0.0.1:4400
  Other reserved ports: 4500

Issues? Report them at https://github.com/firebase/firebase-tools/issues and attach the *-debug.log files.
 
